<?xml version="1.0" encoding="UTF-8"?>
<!-- Generated by org.testng.reporters.JUnitXMLReporter -->
<testsuite hostname="MacBook-Pro-de-Despito.local" name="Default test" tests="11" failures="0" timestamp="7 Apr 2014 18:45:29 GMT" time="0.411" errors="0">
  <testcase name="playGame1" time="0.043" classname="model.RockPaperScissorsTest"/>
  <testcase name="playGame2" time="0.0030" classname="model.RockPaperScissorsTest"/>
  <testcase name="testLostPlay" time="0.0010" classname="model.RockPaperScissorsTest"/>
  <testcase name="testLostPlay" time="0.0010" classname="model.RockPaperScissorsTest"/>
  <testcase name="testLostPlay" time="0.0010" classname="model.RockPaperScissorsTest"/>
  <testcase name="testTiePlay" time="0.0010" classname="model.RockPaperScissorsTest"/>
  <testcase name="testTiePlay" time="0.0" classname="model.RockPaperScissorsTest"/>
  <testcase name="testTiePlay" time="0.0010" classname="model.RockPaperScissorsTest"/>
  <testcase name="testWinPlay" time="0.0070" classname="model.RockPaperScissorsTest"/>
  <testcase name="testWinPlay" time="0.0030" classname="model.RockPaperScissorsTest"/>
  <testcase name="testWinPlay" time="0.0010" classname="model.RockPaperScissorsTest"/>
</testsuite> <!-- Default test -->
